
========================[ Nov 7, 2017  3:01 PM ]========================
Version 2.2.18 [Mar-02-2008]
Started database file "V583.1600k-1620k.fa"
Formatted 1 sequences in volume 0
SUCCESS: formatted database V583.1600k-1620k.fa

========================[ Nov 7, 2017  3:22 PM ]========================
Version 2.2.18 [Mar-02-2008]
Started database file ".//5165.fas"
WARNING: [000.000] Sequence number 1 (lcl|1_.//5165.fas), 5 illegal characters were removed:
3 Es, 1 O, 1 Q

Formatted 1 sequences in volume 0
SUCCESS: formatted database .//5165.fas

========================[ Nov 7, 2017  3:23 PM ]========================
Version 2.2.18 [Mar-02-2008]
Started database file ".//5316.fas"
WARNING: [000.000] Sequence number 1 (lcl|1_.//5316.fas), 5 illegal characters were removed:
3 Es, 1 O, 1 Q

Formatted 1 sequences in volume 0
SUCCESS: formatted database .//5316.fas

========================[ Nov 7, 2017  3:23 PM ]========================
Version 2.2.18 [Mar-02-2008]
Started database file ".//5165.fas"
WARNING: [000.000] Sequence number 1 (lcl|1_.//5165.fas), 5 illegal characters were removed:
3 Es, 1 O, 1 Q

Formatted 1 sequences in volume 0
SUCCESS: formatted database .//5165.fas

========================[ Nov 7, 2017  3:23 PM ]========================
Version 2.2.18 [Mar-02-2008]
Started database file ".//5316.fas"
WARNING: [000.000] Sequence number 1 (lcl|1_.//5316.fas), 5 illegal characters were removed:
3 Es, 1 O, 1 Q

Formatted 1 sequences in volume 0
SUCCESS: formatted database .//5316.fas

========================[ Nov 7, 2017  3:23 PM ]========================
Version 2.2.18 [Mar-02-2008]
Started database file ".//5165.fas"
WARNING: [000.000] Sequence number 1 (lcl|1_.//5165.fas), 5 illegal characters were removed:
3 Es, 1 O, 1 Q

Formatted 1 sequences in volume 0
SUCCESS: formatted database .//5165.fas

========================[ Nov 7, 2017  3:23 PM ]========================
Version 2.2.18 [Mar-02-2008]
Started database file ".//5316.fas"
WARNING: [000.000] Sequence number 1 (lcl|1_.//5316.fas), 5 illegal characters were removed:
3 Es, 1 O, 1 Q

Formatted 1 sequences in volume 0
SUCCESS: formatted database .//5316.fas

========================[ Nov 7, 2017  3:23 PM ]========================
Version 2.2.18 [Mar-02-2008]
Started database file ".//5165.fas"
WARNING: [000.000] Sequence number 1 (lcl|1_.//5165.fas), 5 illegal characters were removed:
3 Es, 1 O, 1 Q

Formatted 1 sequences in volume 0
SUCCESS: formatted database .//5165.fas

========================[ Nov 7, 2017  3:23 PM ]========================
Version 2.2.18 [Mar-02-2008]
Started database file ".//5316.fas"
WARNING: [000.000] Sequence number 1 (lcl|1_.//5316.fas), 5 illegal characters were removed:
3 Es, 1 O, 1 Q

Formatted 1 sequences in volume 0
SUCCESS: formatted database .//5316.fas

========================[ Nov 7, 2017  3:28 PM ]========================
Version 2.2.18 [Mar-02-2008]
Started database file ".//5165.fas"
WARNING: [000.000] Sequence number 1 (lcl|1_.//5165.fas), 5 illegal characters were removed:
3 Es, 1 O, 1 Q

Formatted 1 sequences in volume 0
SUCCESS: formatted database .//5165.fas

========================[ Nov 7, 2017  3:28 PM ]========================
Version 2.2.18 [Mar-02-2008]
Started database file ".//5316.fas"
WARNING: [000.000] Sequence number 1 (lcl|1_.//5316.fas), 5 illegal characters were removed:
3 Es, 1 O, 1 Q

Formatted 1 sequences in volume 0
SUCCESS: formatted database .//5316.fas

========================[ Nov 7, 2017  3:28 PM ]========================
Version 2.2.18 [Mar-02-2008]
Started database file ".//5165.fas"
WARNING: [000.000] Sequence number 1 (lcl|1_.//5165.fas), 5 illegal characters were removed:
3 Es, 1 O, 1 Q

Formatted 1 sequences in volume 0
SUCCESS: formatted database .//5165.fas

========================[ Nov 7, 2017  3:28 PM ]========================
Version 2.2.18 [Mar-02-2008]
Started database file ".//5316.fas"
WARNING: [000.000] Sequence number 1 (lcl|1_.//5316.fas), 5 illegal characters were removed:
3 Es, 1 O, 1 Q

Formatted 1 sequences in volume 0
SUCCESS: formatted database .//5316.fas

========================[ Nov 7, 2017  3:28 PM ]========================
Version 2.2.18 [Mar-02-2008]
Started database file ".//5165.fas"
WARNING: [000.000] Sequence number 1 (lcl|1_.//5165.fas), 5 illegal characters were removed:
3 Es, 1 O, 1 Q

Formatted 1 sequences in volume 0
SUCCESS: formatted database .//5165.fas

========================[ Nov 7, 2017  3:28 PM ]========================
Version 2.2.18 [Mar-02-2008]
Started database file ".//5316.fas"
WARNING: [000.000] Sequence number 1 (lcl|1_.//5316.fas), 5 illegal characters were removed:
3 Es, 1 O, 1 Q

Formatted 1 sequences in volume 0
SUCCESS: formatted database .//5316.fas

========================[ Nov 7, 2017  3:28 PM ]========================
Version 2.2.18 [Mar-02-2008]
Started database file ".//5165.fas"
WARNING: [000.000] Sequence number 1 (lcl|1_.//5165.fas), 5 illegal characters were removed:
3 Es, 1 O, 1 Q

Formatted 1 sequences in volume 0
SUCCESS: formatted database .//5165.fas

========================[ Nov 7, 2017  3:28 PM ]========================
Version 2.2.18 [Mar-02-2008]
Started database file ".//5316.fas"
WARNING: [000.000] Sequence number 1 (lcl|1_.//5316.fas), 5 illegal characters were removed:
3 Es, 1 O, 1 Q

Formatted 1 sequences in volume 0
SUCCESS: formatted database .//5316.fas

========================[ Nov 8, 2017  9:48 AM ]========================
Version 2.2.18 [Mar-02-2008]
Started database file ".//5165.fas"
WARNING: [000.000] Sequence number 1 (lcl|1_.//5165.fas), 5 illegal characters were removed:
3 Es, 1 O, 1 Q

Formatted 1 sequences in volume 0
SUCCESS: formatted database .//5165.fas

========================[ Nov 8, 2017  9:48 AM ]========================
Version 2.2.18 [Mar-02-2008]
Started database file ".//5316.fas"
WARNING: [000.000] Sequence number 1 (lcl|1_.//5316.fas), 5 illegal characters were removed:
3 Es, 1 O, 1 Q

Formatted 1 sequences in volume 0
SUCCESS: formatted database .//5316.fas

========================[ Nov 8, 2017  9:49 AM ]========================
Version 2.2.18 [Mar-02-2008]
Started database file ".//5165.fas"
WARNING: [000.000] Sequence number 1 (lcl|1_.//5165.fas), 5 illegal characters were removed:
3 Es, 1 O, 1 Q

Formatted 1 sequences in volume 0
SUCCESS: formatted database .//5165.fas

========================[ Nov 8, 2017  9:49 AM ]========================
Version 2.2.18 [Mar-02-2008]
Started database file ".//5316.fas"
WARNING: [000.000] Sequence number 1 (lcl|1_.//5316.fas), 5 illegal characters were removed:
3 Es, 1 O, 1 Q

Formatted 1 sequences in volume 0
SUCCESS: formatted database .//5316.fas

========================[ Nov 8, 2017  9:49 AM ]========================
Version 2.2.18 [Mar-02-2008]
Started database file ".//5165.fas"
WARNING: [000.000] Sequence number 1 (lcl|1_.//5165.fas), 5 illegal characters were removed:
3 Es, 1 O, 1 Q

Formatted 1 sequences in volume 0
SUCCESS: formatted database .//5165.fas

========================[ Nov 8, 2017  9:49 AM ]========================
Version 2.2.18 [Mar-02-2008]
Started database file ".//5316.fas"
WARNING: [000.000] Sequence number 1 (lcl|1_.//5316.fas), 5 illegal characters were removed:
3 Es, 1 O, 1 Q

Formatted 1 sequences in volume 0
SUCCESS: formatted database .//5316.fas

========================[ Nov 8, 2017  9:49 AM ]========================
Version 2.2.18 [Mar-02-2008]
Started database file ".//5165.fas"
WARNING: [000.000] Sequence number 1 (lcl|1_.//5165.fas), 5 illegal characters were removed:
3 Es, 1 O, 1 Q

Formatted 1 sequences in volume 0
SUCCESS: formatted database .//5165.fas

========================[ Nov 8, 2017  9:49 AM ]========================
Version 2.2.18 [Mar-02-2008]
Started database file ".//5316.fas"
WARNING: [000.000] Sequence number 1 (lcl|1_.//5316.fas), 5 illegal characters were removed:
3 Es, 1 O, 1 Q

Formatted 1 sequences in volume 0
SUCCESS: formatted database .//5316.fas

========================[ Nov 8, 2017  9:56 AM ]========================
Version 2.2.18 [Mar-02-2008]
Started database file ".//5165.fas"
WARNING: [000.000] Sequence number 1 (lcl|1_.//5165.fas), 5 illegal characters were removed:
3 Es, 1 O, 1 Q

Formatted 1 sequences in volume 0
SUCCESS: formatted database .//5165.fas

========================[ Nov 8, 2017  9:56 AM ]========================
Version 2.2.18 [Mar-02-2008]
Started database file ".//5316.fas"
WARNING: [000.000] Sequence number 1 (lcl|1_.//5316.fas), 5 illegal characters were removed:
3 Es, 1 O, 1 Q

Formatted 1 sequences in volume 0
SUCCESS: formatted database .//5316.fas

========================[ Nov 8, 2017  9:56 AM ]========================
Version 2.2.18 [Mar-02-2008]
Started database file ".//5165.fas"
WARNING: [000.000] Sequence number 1 (lcl|1_.//5165.fas), 5 illegal characters were removed:
3 Es, 1 O, 1 Q

Formatted 1 sequences in volume 0
SUCCESS: formatted database .//5165.fas

========================[ Nov 8, 2017  9:56 AM ]========================
Version 2.2.18 [Mar-02-2008]
Started database file ".//5316.fas"
WARNING: [000.000] Sequence number 1 (lcl|1_.//5316.fas), 5 illegal characters were removed:
3 Es, 1 O, 1 Q

Formatted 1 sequences in volume 0
SUCCESS: formatted database .//5316.fas

========================[ Nov 8, 2017 10:01 AM ]========================
Version 2.2.18 [Mar-02-2008]
Started database file ".//5165.fas"
WARNING: [000.000] Sequence number 1 (lcl|1_.//5165.fas), 5 illegal characters were removed:
3 Es, 1 O, 1 Q

Formatted 1 sequences in volume 0
SUCCESS: formatted database .//5165.fas

========================[ Nov 8, 2017 10:01 AM ]========================
Version 2.2.18 [Mar-02-2008]
Started database file ".//5316.fas"
WARNING: [000.000] Sequence number 1 (lcl|1_.//5316.fas), 5 illegal characters were removed:
3 Es, 1 O, 1 Q

Formatted 1 sequences in volume 0
SUCCESS: formatted database .//5316.fas

========================[ Nov 8, 2017 10:01 AM ]========================
Version 2.2.18 [Mar-02-2008]
Started database file ".//5165.fas"
WARNING: [000.000] Sequence number 1 (lcl|1_.//5165.fas), 5 illegal characters were removed:
3 Es, 1 O, 1 Q

Formatted 1 sequences in volume 0
SUCCESS: formatted database .//5165.fas

========================[ Nov 8, 2017 10:01 AM ]========================
Version 2.2.18 [Mar-02-2008]
Started database file ".//5316.fas"
WARNING: [000.000] Sequence number 1 (lcl|1_.//5316.fas), 5 illegal characters were removed:
3 Es, 1 O, 1 Q

Formatted 1 sequences in volume 0
SUCCESS: formatted database .//5316.fas
