
========================[ Nov 1, 2017 10:58 AM ]========================
Version 2.2.18 [Mar-02-2008]
Started database file ".//NC_004668.fas"
WARNING: [000.000] Sequence number 1 (lcl|1_.//NC_004668.fas), 5 illegal characters were removed:
3 Es, 1 O, 1 Q

Formatted 1 sequences in volume 0
SUCCESS: formatted database .//NC_004668.fas

========================[ Nov 8, 2017  5:01 PM ]========================
Version 2.2.18 [Mar-02-2008]
Started database file ".//NC_004668.fas"
WARNING: [000.000] Sequence number 1 (lcl|1_.//NC_004668.fas), 5 illegal characters were removed:
3 Es, 1 O, 1 Q

Formatted 1 sequences in volume 0
SUCCESS: formatted database .//NC_004668.fas

========================[ Nov 8, 2017  5:04 PM ]========================
Version 2.2.18 [Mar-02-2008]
Started database file ".//NC_004668.fas"
WARNING: [000.000] Sequence number 1 (lcl|1_.//NC_004668.fas), 5 illegal characters were removed:
3 Es, 1 O, 1 Q

Formatted 1 sequences in volume 0
SUCCESS: formatted database .//NC_004668.fas

========================[ Nov 8, 2017  5:17 PM ]========================
Version 2.2.18 [Mar-02-2008]
Started database file ".//NC_004668.fas"
WARNING: [000.000] Sequence number 1 (lcl|1_.//NC_004668.fas), 5 illegal characters were removed:
3 Es, 1 O, 1 Q

Formatted 1 sequences in volume 0
SUCCESS: formatted database .//NC_004668.fas
